2023-11-20 16:02:00,148 - INFO - Processing PDF: D:\pdfs\MN\MN\MN20230531-05.pdf
2023-11-20 16:02:00,148 - INFO - Size of PDF : D:\pdfs\MN\MN\MN20230531-05.pdf, 6.0686
2023-11-20 16:02:56,314 - INFO - Processing PDF: D:\pdfs\MN\MN\MN20230531-05.pdf
2023-11-20 16:02:56,314 - INFO - Size of PDF : D:\pdfs\MN\MN\MN20230531-05.pdf, 6.0686
2023-11-20 16:02:56,319 - INFO - Processing PDF: D:\pdfs\MN\MN\MN20230630-06.pdf
2023-11-20 16:02:56,319 - INFO - Size of PDF : D:\pdfs\MN\MN\MN20230630-06.pdf, 4.1165
2023-11-20 16:02:56,326 - INFO - Processing PDF: D:\pdfs\MN\MN\MN20230731-07.pdf
2023-11-20 16:02:56,326 - INFO - Size of PDF : D:\pdfs\MN\MN\MN20230731-07.pdf, 5.0580
2023-11-20 16:02:56,334 - INFO - Processing PDF: D:\pdfs\MN\MN\MN20230831-08.pdf
2023-11-20 16:02:56,344 - INFO - Size of PDF : D:\pdfs\MN\MN\MN20230831-08.pdf, 9.6505
2023-11-20 16:02:56,351 - INFO - Processing PDF: D:\pdfs\MN\MN\MN20230930-09.pdf
2023-11-20 16:02:56,351 - INFO - Size of PDF : D:\pdfs\MN\MN\MN20230930-09.pdf, 8.1355
2023-11-20 16:04:37,437 - INFO - Processing PDF: D:\pdfs\MN\MN\MN20230531-05.pdf
2023-11-20 16:04:37,437 - INFO - Size of PDF : D:\pdfs\MN\MN\MN20230531-05.pdf, 6.0686
2023-11-20 16:04:37,445 - INFO - Processing PDF: D:\pdfs\MN\MN\MN20230630-06.pdf
2023-11-20 16:04:37,445 - INFO - Size of PDF : D:\pdfs\MN\MN\MN20230630-06.pdf, 4.1165
2023-11-20 16:04:37,454 - INFO - Processing PDF: D:\pdfs\MN\MN\MN20230731-07.pdf
2023-11-20 16:04:37,455 - INFO - Size of PDF : D:\pdfs\MN\MN\MN20230731-07.pdf, 5.0580
2023-11-20 16:04:37,462 - INFO - Processing PDF: D:\pdfs\MN\MN\MN20230831-08.pdf
2023-11-20 16:04:37,462 - INFO - Size of PDF : D:\pdfs\MN\MN\MN20230831-08.pdf, 9.6505
2023-11-20 16:04:37,472 - INFO - Processing PDF: D:\pdfs\MN\MN\MN20230930-09.pdf
2023-11-20 16:04:37,472 - INFO - Size of PDF : D:\pdfs\MN\MN\MN20230930-09.pdf, 8.1355
2023-11-20 16:05:31,188 - INFO - Processing PDF: D:\pdfs\MN\MN\MN20230531-05.pdf
2023-11-20 16:05:31,188 - INFO - Size of PDF : D:\pdfs\MN\MN\MN20230531-05.pdf, 6.0686
2023-11-20 16:06:41,263 - INFO - Processing PDF: D:\pdfs\MN\MN\MN20230531-05.pdf
2023-11-20 16:06:41,263 - INFO - Size of PDF : D:\pdfs\MN\MN\MN20230531-05.pdf, 6.0686
2023-11-20 16:07:09,960 - INFO - Processing PDF: D:\pdfs\MN\MN\MN20230531-05.pdf
2023-11-20 16:07:09,962 - INFO - Size of PDF : D:\pdfs\MN\MN\MN20230531-05.pdf, 6.0686
2023-11-20 16:08:03,283 - INFO - Processing PDF: D:\pdfs\MN\MN\MN20230531-05.pdf
2023-11-20 16:08:03,284 - INFO - Size of PDF : D:\pdfs\MN\MN\MN20230531-05.pdf, 6.0686
2023-11-20 16:10:48,811 - INFO - Processing PDF: D:\BT\BT\BT20230417-107.pdf
2023-11-20 16:10:48,811 - INFO - Size of PDF : D:\BT\BT\BT20230417-107.pdf, 1.8233
2023-11-20 16:11:00,784 - INFO - Processing PDF: D:\BT\BT\BT20230612-108.pdf
2023-11-20 16:11:00,784 - INFO - Size of PDF : D:\BT\BT\BT20230612-108.pdf, 1.6611
2023-11-20 16:11:11,694 - INFO - Processing PDF: D:\BT\BT\BT20230802-109.pdf
2023-11-20 16:11:11,694 - INFO - Size of PDF : D:\BT\BT\BT20230802-109.pdf, 1.4290
2023-11-20 16:11:16,912 - INFO - Processing PDF: D:\BT\BT\BT20231003-110.pdf
2023-11-20 16:11:16,913 - INFO - Size of PDF : D:\BT\BT\BT20231003-110.pdf, 1.8960
2023-11-20 16:12:09,185 - INFO - Processing PDF: D:\BT\BT\BT20230417-107.pdf
2023-11-20 16:12:09,185 - INFO - Size of PDF : D:\BT\BT\BT20230417-107.pdf, 1.8233
2023-11-20 16:20:09,774 - INFO - Processing PDF: D:\BT\BT\BT20230417-107.pdf
2023-11-20 16:20:09,774 - INFO - Size of PDF : D:\BT\BT\BT20230417-107.pdf, 1.8233
2023-11-20 16:20:20,801 - INFO - Processing PDF: D:\BT\BT\BT20230612-108.pdf
2023-11-20 16:20:20,802 - INFO - Size of PDF : D:\BT\BT\BT20230612-108.pdf, 1.6611
2023-11-20 16:20:31,035 - INFO - Processing PDF: D:\BT\BT\BT20230802-109.pdf
2023-11-20 16:20:31,036 - INFO - Size of PDF : D:\BT\BT\BT20230802-109.pdf, 1.4290
2023-11-20 16:20:36,102 - INFO - Processing PDF: D:\BT\BT\BT20231003-110.pdf
2023-11-20 16:20:36,102 - INFO - Size of PDF : D:\BT\BT\BT20231003-110.pdf, 1.8960
2023-11-20 16:42:03,089 - INFO - Processing PDF: D:\BT\BT\BT20230417-107.pdf
2023-11-20 16:42:03,089 - INFO - Size of PDF : D:\BT\BT\BT20230417-107.pdf, 1.8233
2023-11-20 16:42:13,457 - INFO - Processing PDF: D:\BT\BT\BT20230612-108.pdf
2023-11-20 16:42:13,458 - INFO - Size of PDF : D:\BT\BT\BT20230612-108.pdf, 1.6611
2023-11-20 16:42:23,638 - INFO - Processing PDF: D:\BT\BT\BT20230802-109.pdf
2023-11-20 16:42:23,638 - INFO - Size of PDF : D:\BT\BT\BT20230802-109.pdf, 1.4290
2023-11-20 16:42:28,689 - INFO - Processing PDF: D:\BT\BT\BT20231003-110.pdf
2023-11-20 16:42:28,689 - INFO - Size of PDF : D:\BT\BT\BT20231003-110.pdf, 1.8960
2023-11-20 16:45:42,123 - INFO - Processing PDF: D:\BT\BT\BT20230417-107.pdf
2023-11-20 16:45:42,123 - INFO - Size of PDF : D:\BT\BT\BT20230417-107.pdf, 1.8233
2023-11-21 08:09:36,948 - INFO - Processing PDF: D:\pdfs\MN\MN\MN20230531-05.pdf
2023-11-21 08:09:36,948 - INFO - Size of PDF : D:\pdfs\MN\MN\MN20230531-05.pdf, 6.0686
2023-11-21 10:50:40,758 - INFO - Processing PDF: D:\pdfs\MN\MN\MN20230531-05.pdf
2023-11-21 10:50:40,759 - INFO - Size of PDF : D:\pdfs\MN\MN\MN20230531-05.pdf, 6.0686
2023-11-21 10:54:30,958 - INFO - Processing PDF: D:\pdfs\MN\MN\MN20230531-05.pdf
2023-11-21 10:54:30,958 - INFO - Size of PDF : D:\pdfs\MN\MN\MN20230531-05.pdf, 6.0686
2023-11-21 12:45:33,509 - INFO - Processing PDF: D:\pdfs\MN\MN\MN20230531-05.pdf
2023-11-21 12:45:33,509 - INFO - Size of PDF : D:\pdfs\MN\MN\MN20230531-05.pdf, 6.0686
2023-11-21 12:57:19,552 - INFO - Processing PDF: D:\pdfs\MN\MN\MN20230531-05.pdf
2023-11-21 12:57:19,553 - INFO - Size of PDF : D:\pdfs\MN\MN\MN20230531-05.pdf, 6.0686
2023-11-21 12:58:35,426 - INFO - Processing PDF: D:\pdfs\MN\MN\MN20230531-05.pdf
2023-11-21 12:58:35,426 - INFO - Size of PDF : D:\pdfs\MN\MN\MN20230531-05.pdf, 6.0686
2023-11-21 13:02:59,622 - INFO - Processing PDF: D:\pdfs\MN\MN\MN20230630-06.pdf
2023-11-21 13:02:59,623 - INFO - Size of PDF : D:\pdfs\MN\MN\MN20230630-06.pdf, 4.1165
2023-11-21 13:05:43,937 - INFO - Processing PDF: D:\pdfs\MN\MN\MN20230731-07.pdf
2023-11-21 13:05:43,937 - INFO - Size of PDF : D:\pdfs\MN\MN\MN20230731-07.pdf, 5.0580
2023-11-21 13:19:30,653 - INFO - Processing PDF: D:\pdfs\MN\MN\MN20230531-05.pdf
2023-11-21 13:19:30,653 - INFO - Size of PDF : D:\pdfs\MN\MN\MN20230531-05.pdf, 6.0686
2023-11-21 13:20:48,775 - INFO - Processing PDF: D:\pdfs\MN\MN\MN20230531-05.pdf
2023-11-21 13:20:48,775 - INFO - Size of PDF : D:\pdfs\MN\MN\MN20230531-05.pdf, 6.0686
2023-11-21 13:41:21,342 - INFO - Processing PDF: D:\pdfs\MN\MN\MN20230531-05.pdf
2023-11-21 13:42:14,054 - INFO - Processing PDF: D:\pdfs\MN\MN\MN20230531-05.pdf
2023-11-21 13:42:14,054 - INFO - Size of PDF : D:\pdfs\MN\MN\MN20230531-05.pdf, 6.0686
2023-11-21 13:52:30,417 - INFO - Processing PDF: D:\pdfs\MN\MN\MN20230531-05.pdf
2023-11-21 13:52:30,417 - INFO - Size of PDF : D:\pdfs\MN\MN\MN20230531-05.pdf, 6.0686
2023-11-21 13:53:17,087 - INFO - Processing PDF: D:\pdfs\MN\MN\MN20230531-05.pdf
2023-11-21 13:53:17,087 - INFO - Size of PDF : D:\pdfs\MN\MN\MN20230531-05.pdf, 6.0686
2023-11-21 14:01:38,435 - INFO - Processing PDF: D:\pdfs\MN\MN\MN20230630-06.pdf
2023-11-21 14:01:38,435 - INFO - Size of PDF : D:\pdfs\MN\MN\MN20230630-06.pdf, 4.1165
2023-11-21 14:22:51,653 - INFO - Processing PDF: D:\pdfs\MN\MN\MN20230531-05.pdf
2023-11-21 14:22:51,653 - INFO - Size of PDF : D:\pdfs\MN\MN\MN20230531-05.pdf, 6.0686
2023-11-21 14:27:29,701 - INFO - Processing PDF: D:\pdfs\MN\MN\MN20230630-06.pdf
2023-11-21 14:27:29,702 - INFO - Size of PDF : D:\pdfs\MN\MN\MN20230630-06.pdf, 4.1165
2023-11-21 19:45:53,262 - INFO - Processing PDF: D:\BT\BT\BT20230215-106.pdf
2023-11-21 19:45:53,262 - INFO - Size of PDF : D:\BT\BT\BT20230215-106.pdf, 1.3468
2023-11-21 19:45:53,262 - INFO - Processing PDF: D:\BT\BT\BT20230417-107.pdf
2023-11-21 19:45:53,262 - INFO - Size of PDF : D:\BT\BT\BT20230417-107.pdf, 1.8233
2023-11-21 19:45:53,340 - INFO - Processing PDF: D:\BT\BT\BT20230612-108.pdf
2023-11-21 19:45:53,340 - INFO - Size of PDF : D:\BT\BT\BT20230612-108.pdf, 1.6611
2023-11-21 19:45:53,464 - INFO - Processing PDF: D:\BT\BT\BT20230802-109.pdf
2023-11-21 19:45:53,464 - INFO - Size of PDF : D:\BT\BT\BT20230802-109.pdf, 1.4290
2023-11-21 19:45:53,562 - INFO - Processing PDF: D:\BT\BT\BT20231003-110.pdf
2023-11-21 19:45:53,562 - INFO - Size of PDF : D:\BT\BT\BT20231003-110.pdf, 1.8960
2023-11-21 19:46:48,300 - INFO - Processing PDF: D:\BT\BT\BT20230215-106.pdf
2023-11-21 19:46:48,300 - INFO - Size of PDF : D:\BT\BT\BT20230215-106.pdf, 1.3468
2023-11-21 20:22:17,598 - INFO - Processing PDF: D:\BT\BT\BT20230215-106.pdf
2023-11-21 20:22:17,598 - INFO - Size of PDF : D:\BT\BT\BT20230215-106.pdf, 1.3468
2023-11-22 01:11:56,130 - INFO - Processing PDF: D:\pdfs\MN\MN\MN20230531-05.pdf
2023-11-22 01:11:56,130 - INFO - Size of PDF : D:\pdfs\MN\MN\MN20230531-05.pdf, 6.0686
2023-11-22 01:15:57,376 - INFO - Processing PDF: D:\pdfs\MN\MN\MN20230630-06.pdf
2023-11-22 01:15:57,376 - INFO - Size of PDF : D:\pdfs\MN\MN\MN20230630-06.pdf, 4.1165
2023-11-22 01:32:18,830 - INFO - Processing PDF: D:\pdfs\MN\MN\MN20230531-05.pdf
2023-11-22 01:32:18,830 - INFO - Size of PDF : D:\pdfs\MN\MN\MN20230531-05.pdf, 6.0686
2023-11-22 01:40:56,917 - INFO - Processing PDF: D:\pdfs\MN\MN\MN20230531-05.pdf
2023-11-22 01:40:56,917 - INFO - Size of PDF : D:\pdfs\MN\MN\MN20230531-05.pdf, 6.0686
2023-11-22 02:24:01,147 - INFO - Processing PDF: D:\pdfs\MN\MN\MN20230531-05.pdf
2023-11-22 02:24:01,147 - INFO - Size of PDF : D:\pdfs\MN\MN\MN20230531-05.pdf, 6.0686
2023-11-22 02:30:42,308 - INFO - Processing PDF: D:\pdfs\MN\MN\MN20230531-05.pdf
2023-11-22 02:30:42,308 - INFO - Size of PDF : D:\pdfs\MN\MN\MN20230531-05.pdf, 6.0686
2023-11-22 02:34:40,501 - INFO - Processing PDF: D:\pdfs\MN\MN\MN20230630-06.pdf
2023-11-22 02:34:40,501 - INFO - Size of PDF : D:\pdfs\MN\MN\MN20230630-06.pdf, 4.1165
2023-11-22 02:45:41,597 - INFO - Processing PDF: D:\pdfs\MN\MN\MN20230531-05.pdf
2023-11-22 02:45:41,597 - INFO - Size of PDF : D:\pdfs\MN\MN\MN20230531-05.pdf, 6.0686
2023-11-22 02:49:40,885 - INFO - Processing PDF: D:\pdfs\MN\MN\MN20230630-06.pdf
2023-11-22 02:49:40,885 - INFO - Size of PDF : D:\pdfs\MN\MN\MN20230630-06.pdf, 4.1165
2023-11-22 07:50:43,006 - INFO - Processing PDF: D:\BT\BT\BT20230215-106.pdf
2023-11-22 07:50:43,006 - INFO - Size of PDF : D:\BT\BT\BT20230215-106.pdf, 1.3468
2023-11-22 07:50:43,063 - INFO - Start time for PDF extraction: 2023-11-22 07:50:43.006568
2023-11-22 07:50:46,403 - INFO - End time for PDF extraction: 2023-11-22 07:50:46.403865
2023-11-22 07:50:46,403 - INFO - Elapsed Time: 0:00:03.397297, ETA: 2023-11-22 07:50:49.801162
